<?xml version="1.0" encoding="UTF-8"?>
<!-- Generated by org.testng.reporters.JUnitReportReporter -->
<testsuite hostname="HIPUNL69713" name="sel1.test1.openBrowser.OpenBrowser1" tests="1" failures="0" timestamp="1 Jul 2019 11:17:05 GMT" time="6.069" errors="0">
  <testcase name="Test12" time="6.069" classname="sel1.test1.openBrowser.OpenBrowser1"/>
</testsuite> <!-- sel1.test1.openBrowser.OpenBrowser1 -->
